<?xml version="1.0" encoding="UTF-8"?>
<!-- Generated by org.testng.reporters.JUnitXMLReporter -->
<testsuite ignored="0" hostname="LTIN511297" failures="0" tests="4" name="chromeTest" time="169.089" errors="0" timestamp="2024-10-28T14:19:11 IST">
  <testcase classname="testCases.TC_004_Cousera" name="openCousera" time="2.221"/>
  <testcase classname="testCases.TC_001_SearchForWebDevelopmentCourses" name="SearchForWebDevelopmentCourses" time="16.501"/>
  <testcase classname="testCases.TC_002_Language_Learning" name="selectingLanguages" time="23.816"/>
  <testcase classname="testCases.TC_003_FormFilling" name="formFilling" time="76.72"/>
</testsuite> <!-- chromeTest -->
