<?xml version="1.0" encoding="UTF-8"?>
<!-- Generated by org.testng.reporters.JUnitXMLReporter -->
<testsuite ignored="0" hostname="LTIN511297" failures="0" tests="4" name="edgeTest" time="117.173" errors="0" timestamp="2024-10-28T14:18:19 IST">
  <testcase classname="testCases.TC_004_Cousera" name="openCousera" time="1.245"/>
  <testcase classname="testCases.TC_001_SearchForWebDevelopmentCourses" name="SearchForWebDevelopmentCourses" time="22.427"/>
  <testcase classname="testCases.TC_002_Language_Learning" name="selectingLanguages" time="23.314"/>
  <testcase classname="testCases.TC_003_FormFilling" name="formFilling" time="14.734"/>
</testsuite> <!-- edgeTest -->
