<?xml version="1.0" encoding="UTF-8"?>
<!-- Generated by org.testng.reporters.JUnitXMLReporter -->
<testsuite ignored="0" hostname="LTIN511297" failures="2" tests="2" name="Smoke Test" time="14.939" errors="0" timestamp="2024-10-28T11:07:41 IST">
  <testcase classname="testCases.TC_004_Cousera" name="openCousera" time="0.06">
    <failure type="java.lang.AssertionError" message="expected [Coursera | Degrees, Certificates, &amp;amp; Free Online Courses] but found [Coursera | Degrees,, &amp;amp; Free Online Courses]">
      <![CDATA[java.lang.AssertionError: expected [Coursera | Degrees, Certificates, & Free Online Courses] but found [Coursera | Degrees,, & Free Online Courses]
at testCases.TC_004_Cousera.openCousera(TC_004_Cousera.java:19)
at java.base/java.util.ArrayList.forEach(ArrayList.java:1511)
... Removed 33 stack frames]]>
    </failure>
  </testcase> <!-- openCousera -->
  <testcase classname="testCases.TC_004_Cousera" name="openCousera" time="0.101">
    <failure type="java.lang.NullPointerException" message="Cannot invoke &amp;quot;org.openqa.selenium.TakesScreenshot.getScreenshotAs(org.openqa.selenium.OutputType)&amp;quot; because &amp;quot;takeScreenshot&amp;quot; is null">
      <![CDATA[java.lang.NullPointerException: Cannot invoke "org.openqa.selenium.TakesScreenshot.getScreenshotAs(org.openqa.selenium.OutputType)" because "takeScreenshot" is null
at testBase.BaseClass.captureScreen(BaseClass.java:83)
at utilities.ExtentReportManager.onTestFailure(ExtentReportManager.java:78)
at java.base/java.util.ArrayList.forEach(ArrayList.java:1511)
... Removed 24 stack frames]]>
    </failure>
  </testcase> <!-- openCousera -->
</testsuite> <!-- Smoke Test -->
