<?xml version="1.0" encoding="UTF-8"?>
<!-- Generated by org.testng.reporters.JUnitXMLReporter -->
<testsuite ignored="0" hostname="LTIN511297" failures="0" tests="4" name="Regression Test" time="91.374" errors="0" timestamp="2024-11-03T11:32:47 IST">
  <testcase classname="testCases.TC_004_Cousera" name="openCousera" time="0.065"/>
  <testcase classname="testCases.TC_001_SearchForWebDevelopmentCourses" name="SearchForWebDevelopmentCourses" time="19.705"/>
  <testcase classname="testCases.TC_002_Language_Learning" name="selectingLanguages" time="15.559"/>
  <testcase classname="testCases.TC_003_FormFilling" name="formFilling" time="9.723"/>
</testsuite> <!-- Regression Test -->
