<?xml version="1.0" encoding="UTF-8"?>
<testng-results ignored="0" total="4" passed="4" failed="0" skipped="0">
  <reporter-output>
  </reporter-output>
  <suite started-at="2024-11-03T11:31:14 IST" name="Suite" finished-at="2024-11-03T11:32:46 IST" duration-ms="91374">
    <groups>
      <group name="regression">
        <method signature="TC_001_SearchForWebDevelopmentCourses.SearchForWebDevelopmentCourses()[pri:0, instance:testCases.TC_001_SearchForWebDevelopmentCourses@18cebaa5]" name="SearchForWebDevelopmentCourses" class="testCases.TC_001_SearchForWebDevelopmentCourses"/>
        <method signature="TC_002_Language_Learning.selectingLanguages()[pri:0, instance:testCases.TC_002_Language_Learning@463b4ac8]" name="selectingLanguages" class="testCases.TC_002_Language_Learning"/>
        <method signature="TC_003_FormFilling.formFilling(java.lang.String,java.lang.String,java.lang.String,java.lang.String,java.lang.String,java.lang.String,java.lang.String,java.lang.String)[pri:0, instance:testCases.TC_003_FormFilling@765f05af]" name="formFilling" class="testCases.TC_003_FormFilling"/>
      </group> <!-- regression -->
      <group name="smoke">
        <method signature="TC_004_Cousera.openCousera()[pri:0, instance:testCases.TC_004_Cousera@4ba302e0]" name="openCousera" class="testCases.TC_004_Cousera"/>
      </group> <!-- smoke -->
    </groups>
    <test started-at="2024-11-03T11:31:14 IST" name="Regression Test" finished-at="2024-11-03T11:32:46 IST" duration-ms="91374">
      <class name="testCases.TC_004_Cousera">
        <test-method is-config="true" signature="setup(java.lang.String,java.lang.String)[pri:0, instance:testCases.TC_004_Cousera@4ba302e0]" started-at="2024-11-03T11:31:15 IST" name="setup" finished-at="2024-11-03T11:31:25 IST" duration-ms="10638" status="PASS">
          <params>
            <param index="0">
              <value>
                <![CDATA[Windows]]>
              </value>
            </param>
            <param index="1">
              <value>
                <![CDATA[chrome]]>
              </value>
            </param>
          </params>
          <reporter-output>
          </reporter-output>
        </test-method> <!-- setup -->
        <test-method signature="openCousera()[pri:0, instance:testCases.TC_004_Cousera@4ba302e0]" started-at="2024-11-03T11:31:25 IST" name="openCousera" finished-at="2024-11-03T11:31:25 IST" duration-ms="65" status="PASS">
          <reporter-output>
          </reporter-output>
        </test-method> <!-- openCousera -->
        <test-method is-config="true" signature="tearDown()[pri:0, instance:testCases.TC_004_Cousera@4ba302e0]" started-at="2024-11-03T11:31:25 IST" name="tearDown" finished-at="2024-11-03T11:31:26 IST" duration-ms="615" status="PASS">
          <reporter-output>
          </reporter-output>
        </test-method> <!-- tearDown -->
      </class> <!-- testCases.TC_004_Cousera -->
      <class name="testCases.TC_003_FormFilling">
        <test-method is-config="true" signature="setup(java.lang.String,java.lang.String)[pri:0, instance:testCases.TC_003_FormFilling@765f05af]" started-at="2024-11-03T11:32:20 IST" name="setup" finished-at="2024-11-03T11:32:28 IST" duration-ms="7862" status="PASS">
          <params>
            <param index="0">
              <value>
                <![CDATA[Windows]]>
              </value>
            </param>
            <param index="1">
              <value>
                <![CDATA[chrome]]>
              </value>
            </param>
          </params>
          <reporter-output>
          </reporter-output>
        </test-method> <!-- setup -->
        <test-method signature="formFilling(java.lang.String,java.lang.String,java.lang.String,java.lang.String,java.lang.String,java.lang.String,java.lang.String,java.lang.String)[pri:0, instance:testCases.TC_003_FormFilling@765f05af]" started-at="2024-11-03T11:32:28 IST" name="formFilling" data-provider="formData" finished-at="2024-11-03T11:32:38 IST" duration-ms="9723" status="PASS">
          <params>
            <param index="0">
              <value>
                <![CDATA[athul]]>
              </value>
            </param>
            <param index="1">
              <value>
                <![CDATA[krishna]]>
              </value>
            </param>
            <param index="2">
              <value>
                <![CDATA[aeVV]]>
              </value>
            </param>
            <param index="3">
              <value>
                <![CDATA[7.025825658E9]]>
              </value>
            </param>
            <param index="4">
              <value>
                <![CDATA[fresher]]>
              </value>
            </param>
            <param index="5">
              <value>
                <![CDATA[5.0]]>
              </value>
            </param>
            <param index="6">
              <value>
                <![CDATA[India]]>
              </value>
            </param>
            <param index="7">
              <value>
                <![CDATA[Courses]]>
              </value>
            </param>
          </params>
          <reporter-output>
          </reporter-output>
        </test-method> <!-- formFilling -->
        <test-method is-config="true" signature="tearDown()[pri:0, instance:testCases.TC_003_FormFilling@765f05af]" started-at="2024-11-03T11:32:38 IST" name="tearDown" finished-at="2024-11-03T11:32:46 IST" duration-ms="7624" status="PASS">
          <reporter-output>
          </reporter-output>
        </test-method> <!-- tearDown -->
      </class> <!-- testCases.TC_003_FormFilling -->
      <class name="testCases.TC_001_SearchForWebDevelopmentCourses">
        <test-method is-config="true" signature="setup(java.lang.String,java.lang.String)[pri:0, instance:testCases.TC_001_SearchForWebDevelopmentCourses@18cebaa5]" started-at="2024-11-03T11:31:26 IST" name="setup" finished-at="2024-11-03T11:31:34 IST" duration-ms="8487" status="PASS">
          <params>
            <param index="0">
              <value>
                <![CDATA[Windows]]>
              </value>
            </param>
            <param index="1">
              <value>
                <![CDATA[chrome]]>
              </value>
            </param>
          </params>
          <reporter-output>
          </reporter-output>
        </test-method> <!-- setup -->
        <test-method signature="SearchForWebDevelopmentCourses()[pri:0, instance:testCases.TC_001_SearchForWebDevelopmentCourses@18cebaa5]" started-at="2024-11-03T11:31:34 IST" name="SearchForWebDevelopmentCourses" finished-at="2024-11-03T11:31:54 IST" duration-ms="19705" status="PASS">
          <reporter-output>
          </reporter-output>
        </test-method> <!-- SearchForWebDevelopmentCourses -->
        <test-method is-config="true" signature="tearDown()[pri:0, instance:testCases.TC_001_SearchForWebDevelopmentCourses@18cebaa5]" started-at="2024-11-03T11:31:54 IST" name="tearDown" finished-at="2024-11-03T11:31:55 IST" duration-ms="544" status="PASS">
          <reporter-output>
          </reporter-output>
        </test-method> <!-- tearDown -->
      </class> <!-- testCases.TC_001_SearchForWebDevelopmentCourses -->
      <class name="testCases.TC_002_Language_Learning">
        <test-method is-config="true" signature="setup(java.lang.String,java.lang.String)[pri:0, instance:testCases.TC_002_Language_Learning@463b4ac8]" started-at="2024-11-03T11:31:55 IST" name="setup" finished-at="2024-11-03T11:32:04 IST" duration-ms="9670" status="PASS">
          <params>
            <param index="0">
              <value>
                <![CDATA[Windows]]>
              </value>
            </param>
            <param index="1">
              <value>
                <![CDATA[chrome]]>
              </value>
            </param>
          </params>
          <reporter-output>
          </reporter-output>
        </test-method> <!-- setup -->
        <test-method signature="selectingLanguages()[pri:0, instance:testCases.TC_002_Language_Learning@463b4ac8]" started-at="2024-11-03T11:32:04 IST" name="selectingLanguages" finished-at="2024-11-03T11:32:20 IST" duration-ms="15559" status="PASS">
          <reporter-output>
          </reporter-output>
        </test-method> <!-- selectingLanguages -->
        <test-method is-config="true" signature="tearDown()[pri:0, instance:testCases.TC_002_Language_Learning@463b4ac8]" started-at="2024-11-03T11:32:20 IST" name="tearDown" finished-at="2024-11-03T11:32:20 IST" duration-ms="223" status="PASS">
          <reporter-output>
          </reporter-output>
        </test-method> <!-- tearDown -->
      </class> <!-- testCases.TC_002_Language_Learning -->
    </test> <!-- Regression Test -->
  </suite> <!-- Suite -->
</testng-results>
