<?xml version="1.0" encoding="UTF-8"?>
<testsuite xmlns:xsi="http://www.w3.org/2001/XMLSchema-instance" xsi:noNamespaceSchemaLocation="https://maven.apache.org/surefire/maven-surefire-plugin/xsd/surefire-test-report-3.0.xsd" version="3.0" name="TestSuite" time="94.315" tests="4" errors="0" skipped="0" failures="0">
  <properties>
[...]
</properties>
  <testcase name="openCousera" classname="testCases.TC_004_Cousera" time="0.083">
    <system-out><![CDATA[2024-11-03T06:01:14.012287Z main INFO Starting configuration XmlConfiguration[location=C:\Users\2361526\eclipse-workspace\identifying_courses\target\test-classes\log4j2.xml, lastModified=2024-10-13T12:10:26.954Z]...
2024-11-03T06:01:14.017307800Z main INFO Start watching for changes to C:\Users\2361526\eclipse-workspace\identifying_courses\target\test-classes\log4j2.xml every 0 seconds
2024-11-03T06:01:14.017307800Z main INFO Configuration XmlConfiguration[location=C:\Users\2361526\eclipse-workspace\identifying_courses\target\test-classes\log4j2.xml, lastModified=2024-10-13T12:10:26.954Z] started.
2024-11-03T06:01:14.020303800Z main INFO Stopping configuration org.apache.logging.log4j.core.config.DefaultConfiguration@932bc4a...
2024-11-03T06:01:14.021421700Z main INFO Configuration org.apache.logging.log4j.core.config.DefaultConfiguration@932bc4a stopped.
Coursera | Degrees, Certificates, & Free Online Courses]]></system-out>
  </testcase>
  <testcase name="SearchForWebDevelopmentCourses" classname="testCases.TC_001_SearchForWebDevelopmentCourses" time="19.707">
    <system-out><![CDATA[Course 1: Introduction to Web Development
Rating: 4.7
Beginner · Course · 1 - 4 Weeks
Course 2: Web Design for Everybody: Basics of Web Development & Coding
Rating: 4.7
Beginner · Specialization · 3 - 6 Months
]]></system-out>
  </testcase>
  <testcase name="selectingLanguages" classname="testCases.TC_002_Language_Learning" time="15.561">
    <system-out><![CDATA[LANGUAGES 

English(4,210)
Spanish(2,384)
Arabic(2,264)
French(2,251)
Portuguese (Brazil)(2,238)
German(2,200)
Chinese (China)(2,195)
Indonesian(2,192)
Japanese(2,180)
Korean(2,178)
Turkish(2,144)
Ukrainian(2,143)
Italian(2,136)
Russian(2,132)
Thai(2,122)
Hindi(2,121)
Polish(2,119)
Swedish(2,119)
Dutch(2,118)
Greek(2,118)
Kazakh(1,955)
Hungarian(1,391)
Pushto(228)
Chinese (Traditional)(16)
Vietnamese(7)
Hebrew(3)
Portuguese(1)

 LEVELS 

Beginner(2,406)
Intermediate(1,701)
Advanced(178)
Mixed(418)
]]></system-out>
    <system-err><![CDATA[Nov 03, 2024 11:31:55 AM org.openqa.selenium.remote.http.WebSocket$Listener onError
WARNING: Connection reset
java.net.SocketException: Connection reset
	at java.base/sun.nio.ch.SocketChannelImpl.throwConnectionReset(SocketChannelImpl.java:394)
	at java.base/sun.nio.ch.SocketChannelImpl.read(SocketChannelImpl.java:426)
	at java.net.http/jdk.internal.net.http.SocketTube.readAvailable(SocketTube.java:1170)
	at java.net.http/jdk.internal.net.http.SocketTube$InternalReadPublisher$InternalReadSubscription.read(SocketTube.java:833)
	at java.net.http/jdk.internal.net.http.SocketTube$SocketFlowTask.run(SocketTube.java:181)
	at java.net.http/jdk.internal.net.http.common.SequentialScheduler$SchedulableTask.run(SequentialScheduler.java:230)
	at java.net.http/jdk.internal.net.http.common.SequentialScheduler.runOrSchedule(SequentialScheduler.java:303)
	at java.net.http/jdk.internal.net.http.common.SequentialScheduler.runOrSchedule(SequentialScheduler.java:256)
	at java.net.http/jdk.internal.net.http.SocketTube$InternalReadPublisher$InternalReadSubscription.signalReadable(SocketTube.java:774)
	at java.net.http/jdk.internal.net.http.SocketTube$InternalReadPublisher$ReadEvent.signalEvent(SocketTube.java:957)
	at java.net.http/jdk.internal.net.http.SocketTube$SocketFlowEvent.handle(SocketTube.java:253)
	at java.net.http/jdk.internal.net.http.HttpClientImpl$SelectorManager.handleEvent(HttpClientImpl.java:979)
	at java.net.http/jdk.internal.net.http.HttpClientImpl$SelectorManager.lambda$run$3(HttpClientImpl.java:934)
	at java.base/java.util.ArrayList.forEach(ArrayList.java:1511)
	at java.net.http/jdk.internal.net.http.HttpClientImpl$SelectorManager.run(HttpClientImpl.java:934)

]]></system-err>
  </testcase>
  <testcase name="formFilling[athul, krishna, aeVV, 7.025825658E9, fresher, 5.0, India, Courses](1)" classname="testCases.TC_003_FormFilling" time="9.725">
    <system-out><![CDATA[Must be valid email.
example@yourdomain.com
]]></system-out>
    <system-err><![CDATA[Nov 03, 2024 11:32:20 AM org.openqa.selenium.remote.http.WebSocket$Listener onError
WARNING: Connection reset
java.net.SocketException: Connection reset
	at java.base/sun.nio.ch.SocketChannelImpl.throwConnectionReset(SocketChannelImpl.java:394)
	at java.base/sun.nio.ch.SocketChannelImpl.read(SocketChannelImpl.java:426)
	at java.net.http/jdk.internal.net.http.SocketTube.readAvailable(SocketTube.java:1170)
	at java.net.http/jdk.internal.net.http.SocketTube$InternalReadPublisher$InternalReadSubscription.read(SocketTube.java:833)
	at java.net.http/jdk.internal.net.http.SocketTube$SocketFlowTask.run(SocketTube.java:181)
	at java.net.http/jdk.internal.net.http.common.SequentialScheduler$SchedulableTask.run(SequentialScheduler.java:230)
	at java.net.http/jdk.internal.net.http.common.SequentialScheduler.runOrSchedule(SequentialScheduler.java:303)
	at java.net.http/jdk.internal.net.http.common.SequentialScheduler.runOrSchedule(SequentialScheduler.java:256)
	at java.net.http/jdk.internal.net.http.SocketTube$InternalReadPublisher$InternalReadSubscription.signalReadable(SocketTube.java:774)
	at java.net.http/jdk.internal.net.http.SocketTube$InternalReadPublisher$ReadEvent.signalEvent(SocketTube.java:957)
	at java.net.http/jdk.internal.net.http.SocketTube$SocketFlowEvent.handle(SocketTube.java:253)
	at java.net.http/jdk.internal.net.http.HttpClientImpl$SelectorManager.handleEvent(HttpClientImpl.java:979)
	at java.net.http/jdk.internal.net.http.HttpClientImpl$SelectorManager.lambda$run$3(HttpClientImpl.java:934)
	at java.base/java.util.ArrayList.forEach(ArrayList.java:1511)
	at java.net.http/jdk.internal.net.http.HttpClientImpl$SelectorManager.run(HttpClientImpl.java:934)

]]></system-err>
  </testcase>
</testsuite>