<?xml version="1.0" encoding="UTF-8"?>
<testng-results ignored="0" total="1" passed="1" failed="0" skipped="0">
  <reporter-output>
  </reporter-output>
  <suite started-at="2024-11-02T10:13:38 IST" name="Suite" finished-at="2024-11-02T10:14:09 IST" duration-ms="30333">
    <groups>
      <group name="regression">
        <method signature="TC_002_Language_Learning.selectingLanguages()[pri:0, instance:testCases.TC_002_Language_Learning@54a7079e]" name="selectingLanguages" class="testCases.TC_002_Language_Learning"/>
      </group> <!-- regression -->
    </groups>
    <test started-at="2024-11-02T10:13:38 IST" name="Test" finished-at="2024-11-02T10:14:09 IST" duration-ms="30333">
      <class name="testCases.TC_002_Language_Learning">
        <test-method is-config="true" signature="setup(java.lang.String,java.lang.String)[pri:0, instance:testCases.TC_002_Language_Learning@54a7079e]" started-at="2024-11-02T10:13:39 IST" name="setup" finished-at="2024-11-02T10:13:53 IST" duration-ms="14264" status="PASS">
          <params>
            <param index="0">
              <value>
                <![CDATA[Windows]]>
              </value>
            </param>
            <param index="1">
              <value>
                <![CDATA[edge]]>
              </value>
            </param>
          </params>
          <reporter-output>
          </reporter-output>
        </test-method> <!-- setup -->
        <test-method signature="selectingLanguages()[pri:0, instance:testCases.TC_002_Language_Learning@54a7079e]" started-at="2024-11-02T10:13:53 IST" name="selectingLanguages" finished-at="2024-11-02T10:14:08 IST" duration-ms="15110" status="PASS">
          <reporter-output>
          </reporter-output>
        </test-method> <!-- selectingLanguages -->
        <test-method is-config="true" signature="tearDown()[pri:0, instance:testCases.TC_002_Language_Learning@54a7079e]" started-at="2024-11-02T10:14:08 IST" name="tearDown" finished-at="2024-11-02T10:14:09 IST" duration-ms="371" status="PASS">
          <reporter-output>
          </reporter-output>
        </test-method> <!-- tearDown -->
      </class> <!-- testCases.TC_002_Language_Learning -->
    </test> <!-- Test -->
  </suite> <!-- Suite -->
</testng-results>
